0 info it worked if it ends with ok
1 verbose cli [ '/usr/local/bin/node',
1 verbose cli   '/usr/local/bin/npm',
1 verbose cli   'install',
1 verbose cli   'child_process' ]
2 info using npm@2.15.5
3 info using node@v4.4.5
4 verbose install initial load of /home/pi/bot/package.json
5 verbose installManyTop reading scoped package data from /home/pi/bot/node_modules/facebook-chat-api/package.json
6 verbose readDependencies loading dependencies from /home/pi/bot/package.json
7 silly cache add args [ 'child_process', null ]
8 verbose cache add spec child_process
9 silly cache add parsed spec Result {
9 silly cache add   raw: 'child_process',
9 silly cache add   scope: null,
9 silly cache add   name: 'child_process',
9 silly cache add   rawSpec: '',
9 silly cache add   spec: 'latest',
9 silly cache add   type: 'tag' }
10 silly addNamed child_process@latest
11 verbose addNamed "latest" is being treated as a dist-tag for child_process
12 info addNameTag [ 'child_process', 'latest' ]
13 silly mapToRegistry name child_process
14 silly mapToRegistry using default registry
15 silly mapToRegistry registry https://registry.npmjs.org/
16 silly mapToRegistry data Result {
16 silly mapToRegistry   raw: 'child_process',
16 silly mapToRegistry   scope: null,
16 silly mapToRegistry   name: 'child_process',
16 silly mapToRegistry   rawSpec: '',
16 silly mapToRegistry   spec: 'latest',
16 silly mapToRegistry   type: 'tag' }
17 silly mapToRegistry uri https://registry.npmjs.org/child_process
18 verbose addNameTag registry:https://registry.npmjs.org/child_process not in flight; fetching
19 verbose request uri https://registry.npmjs.org/child_process
20 verbose request no auth needed
21 info attempt registry request try #1 at 1:31:49 AM
22 verbose request id bb81d9c895a54e45
23 http request GET https://registry.npmjs.org/child_process
24 http 404 https://registry.npmjs.org/child_process
25 verbose headers { 'content-type': 'application/json',
25 verbose headers   'cache-control': 'max-age=0',
25 verbose headers   'content-length': '2',
25 verbose headers   'accept-ranges': 'bytes',
25 verbose headers   date: 'Sat, 11 Jun 2016 08:31:50 GMT',
25 verbose headers   via: '1.1 varnish',
25 verbose headers   age: '0',
25 verbose headers   connection: 'keep-alive',
25 verbose headers   'x-served-by': 'cache-sin6926-SIN',
25 verbose headers   'x-cache': 'MISS',
25 verbose headers   'x-cache-hits': '0',
25 verbose headers   'x-timer': 'S1465633910.612952,VS0,VE227',
25 verbose headers   vary: 'Accept-Encoding' }
26 silly get cb [ 404,
26 silly get   { 'content-type': 'application/json',
26 silly get     'cache-control': 'max-age=0',
26 silly get     'content-length': '2',
26 silly get     'accept-ranges': 'bytes',
26 silly get     date: 'Sat, 11 Jun 2016 08:31:50 GMT',
26 silly get     via: '1.1 varnish',
26 silly get     age: '0',
26 silly get     connection: 'keep-alive',
26 silly get     'x-served-by': 'cache-sin6926-SIN',
26 silly get     'x-cache': 'MISS',
26 silly get     'x-cache-hits': '0',
26 silly get     'x-timer': 'S1465633910.612952,VS0,VE227',
26 silly get     vary: 'Accept-Encoding' } ]
27 verbose stack Error: Registry returned 404 for GET on https://registry.npmjs.org/child_process
27 verbose stack     at makeError (/usr/local/lib/node_modules/npm/node_modules/npm-registry-client/lib/request.js:264:12)
27 verbose stack     at CachingRegistryClient.<anonymous> (/usr/local/lib/node_modules/npm/node_modules/npm-registry-client/lib/request.js:242:14)
27 verbose stack     at Request._callback (/usr/local/lib/node_modules/npm/node_modules/npm-registry-client/lib/request.js:172:14)
27 verbose stack     at Request.self.callback (/usr/local/lib/node_modules/npm/node_modules/request/request.js:200:22)
27 verbose stack     at emitTwo (events.js:87:13)
27 verbose stack     at Request.emit (events.js:172:7)
27 verbose stack     at Request.<anonymous> (/usr/local/lib/node_modules/npm/node_modules/request/request.js:1067:10)
27 verbose stack     at emitOne (events.js:82:20)
27 verbose stack     at Request.emit (events.js:169:7)
27 verbose stack     at IncomingMessage.<anonymous> (/usr/local/lib/node_modules/npm/node_modules/request/request.js:988:12)
28 verbose statusCode 404
29 verbose pkgid child_process
30 verbose cwd /home/pi/bot
31 error Linux 4.1.7-v7+
32 error argv "/usr/local/bin/node" "/usr/local/bin/npm" "install" "child_process"
33 error node v4.4.5
34 error npm  v2.15.5
35 error code E404
36 error 404 Registry returned 404 for GET on https://registry.npmjs.org/child_process
36 error 404
36 error 404 'child_process' is not in the npm registry.
36 error 404 Your package name is not valid, because
36 error 404
36 error 404  1. child_process is a core module name
36 error 404
36 error 404 Note that you can also install from a
36 error 404 tarball, folder, http url, or git url.
37 verbose exit [ 1, true ]
